<?xml version="1.0" encoding="UTF-8"?>
<!-- Generated by org.testng.reporters.JUnitReportReporter -->
<testsuite hostname="DESKTOP-LCVS2C2" failures="0" tests="1" name="TestHome" time="15.923" errors="0" timestamp="08 Jan 2019 01:38:32 GMT" skipped="0">
  <testcase classname="TestHome" name="test1" time="15.923"/>
</testsuite> <!-- TestHome -->
